npm http fetch GET 200 https://registry.npmjs.org/next 744ms (cache revalidated)
npm http fetch GET 200 https://registry.npmjs.org/@opentelemetry%2fapi 778ms (cache revalidated)
npm http fetch GET 200 https://registry.npmjs.org/@playwright%2ftest 205ms (cache revalidated)
npm http fetch GET 200 https://registry.npmjs.org/react 117ms (cache revalidated)
npm http fetch GET 200 https://registry.npmjs.org/react-dom 112ms (cache revalidated)
npm http fetch GET 200 https://registry.npmjs.org/sass 113ms (cache revalidated)
npm http fetch GET 200 https://registry.npmjs.org/better-sqlite3 360ms (cache revalidated)
npm http fetch GET 200 https://registry.npmjs.org/iron-session 350ms (cache revalidated)
npm http fetch GET 200 https://registry.npmjs.org/resend 60ms (cache revalidated)
npm http fetch GET 200 https://registry.npmjs.org/@types%2fnode 102ms (cache revalidated)
npm http fetch GET 200 https://registry.npmjs.org/@types%2freact 366ms (cache revalidated)
npm http fetch GET 200 https://registry.npmjs.org/@types%2fbetter-sqlite3 354ms (cache revalidated)
npm http fetch GET 200 https://registry.npmjs.org/autoprefixer 352ms (cache revalidated)
npm http fetch GET 200 https://registry.npmjs.org/postcss 71ms (cache revalidated)
npm http fetch GET 200 https://registry.npmjs.org/tailwindcss 98ms (cache revalidated)
npm http fetch GET 200 https://registry.npmjs.org/typescript 172ms (cache revalidated)
npm http cache https://registry.npmjs.org/@types%2fnode 45ms (cache hit)
npm http fetch GET 200 https://registry.npmjs.org/undici-types 367ms (cache revalidated)
npm http fetch GET 200 https://registry.npmjs.org/csstype 63ms (cache revalidated)
npm http fetch GET 200 https://registry.npmjs.org/@types%2fprop-types 653ms (cache revalidated)
npm http fetch GET 200 https://registry.npmjs.org/picocolors 52ms (cache revalidated)
npm http fetch GET 200 https://registry.npmjs.org/fraction.js 53ms (cache revalidated)
npm http fetch GET 200 https://registry.npmjs.org/browserslist 362ms (cache revalidated)
npm http fetch GET 200 https://registry.npmjs.org/caniuse-lite 64ms (cache revalidated)
npm http fetch GET 200 https://registry.npmjs.org/normalize-range 354ms (cache revalidated)
npm http fetch GET 200 https://registry.npmjs.org/postcss-value-parser 52ms (cache revalidated)
npm http fetch GET 200 https://registry.npmjs.org/nanoid 75ms (cache revalidated)
npm http fetch GET 200 https://registry.npmjs.org/source-map-js 49ms (cache revalidated)
npm http fetch GET 200 https://registry.npmjs.org/bindings 352ms (cache revalidated)
npm http fetch GET 200 https://registry.npmjs.org/prebuild-install 54ms (cache revalidated)
npm http fetch GET 200 https://registry.npmjs.org/cookie 358ms (cache revalidated)
npm http fetch GET 200 https://registry.npmjs.org/uncrypto 347ms (cache revalidated)
npm http fetch GET 200 https://registry.npmjs.org/iron-webcrypto 342ms (cache revalidated)
npm http fetch GET 200 https://registry.npmjs.org/busboy 360ms (cache revalidated)
npm http fetch GET 200 https://registry.npmjs.org/@next%2fenv 173ms (cache revalidated)
npm http fetch GET 200 https://registry.npmjs.org/styled-jsx 61ms (cache revalidated)
npm http fetch GET 200 https://registry.npmjs.org/graceful-fs 60ms (cache revalidated)
npm http fetch GET 200 https://registry.npmjs.org/@swc%2fhelpers 664ms (cache revalidated)
npm http cache https://registry.npmjs.org/caniuse-lite 22ms (cache hit)
npm http fetch GET 200 https://registry.npmjs.org/@next%2fswc-darwin-x64 456ms (cache revalidated)
npm http fetch GET 200 https://registry.npmjs.org/@next%2fswc-darwin-arm64 583ms (cache revalidated)
npm http fetch GET 200 https://registry.npmjs.org/@next%2fswc-linux-x64-gnu 464ms (cache revalidated)
npm http fetch GET 200 https://registry.npmjs.org/@next%2fswc-linux-x64-musl 769ms (cache revalidated)
npm http fetch GET 200 https://registry.npmjs.org/@next%2fswc-win32-x64-msvc 473ms (cache revalidated)
npm http fetch GET 200 https://registry.npmjs.org/@next%2fswc-linux-arm64-gnu 798ms (cache revalidated)
npm http fetch GET 200 https://registry.npmjs.org/@next%2fswc-win32-ia32-msvc 723ms (cache revalidated)
npm http fetch GET 200 https://registry.npmjs.org/@next%2fswc-linux-arm64-musl 465ms (cache revalidated)
npm http fetch GET 200 https://registry.npmjs.org/@next%2fswc-win32-arm64-msvc 776ms (cache revalidated)
npm http fetch GET 200 https://registry.npmjs.org/scheduler 79ms (cache revalidated)
npm http fetch GET 200 https://registry.npmjs.org/loose-envify 96ms (cache revalidated)
npm http cache https://registry.npmjs.org/@react-email%2frender 15ms (cache hit)
npm http cache https://registry.npmjs.org/arg 12ms (cache hit)
npm http cache https://registry.npmjs.org/dlv 14ms (cache hit)
npm http cache https://registry.npmjs.org/jiti 17ms (cache hit)
npm http cache https://registry.npmjs.org/is-glob 13ms (cache hit)
npm http cache https://registry.npmjs.org/resolve 11ms (cache hit)
npm http cache https://registry.npmjs.org/sucrase 14ms (cache hit)
npm http cache https://registry.npmjs.org/chokidar 14ms (cache hit)
npm http cache https://registry.npmjs.org/fast-glob 14ms (cache hit)
npm http cache https://registry.npmjs.org/lilconfig 13ms (cache hit)
npm http cache https://registry.npmjs.org/didyoumean 11ms (cache hit)
npm http cache https://registry.npmjs.org/micromatch 12ms (cache hit)
npm http cache https://registry.npmjs.org/postcss-js 11ms (cache hit)
npm http cache https://registry.npmjs.org/glob-parent 12ms (cache hit)
npm http cache https://registry.npmjs.org/object-hash 12ms (cache hit)
npm http cache https://registry.npmjs.org/normalize-path 11ms (cache hit)
npm http cache https://registry.npmjs.org/postcss-import 14ms (cache hit)
npm http cache https://registry.npmjs.org/postcss-nested 21ms (cache hit)
npm http cache https://registry.npmjs.org/@alloc%2fquick-lru 11ms (cache hit)
npm http cache https://registry.npmjs.org/postcss-load-config 11ms (cache hit)
npm http cache https://registry.npmjs.org/postcss-selector-parser 11ms (cache hit)
npm http cache https://registry.npmjs.org/caniuse-lite 16ms (cache hit)
npm http cache https://registry.npmjs.org/node-releases 8ms (cache hit)
npm http cache https://registry.npmjs.org/electron-to-chromium 29ms (cache hit)
npm http cache https://registry.npmjs.org/update-browserslist-db 9ms (cache hit)
npm http cache https://registry.npmjs.org/baseline-browser-mapping 13ms (cache hit)
npm http cache https://registry.npmjs.org/file-uri-to-path 10ms (cache hit)
npm http cache https://registry.npmjs.org/rc 9ms (cache hit)
npm http cache https://registry.npmjs.org/pump 9ms (cache hit)
npm http cache https://registry.npmjs.org/tar-fs 9ms (cache hit)
npm http cache https://registry.npmjs.org/minimist 8ms (cache hit)
npm http cache https://registry.npmjs.org/node-abi 10ms (cache hit)
npm http cache https://registry.npmjs.org/simple-get 18ms (cache hit)
npm http cache https://registry.npmjs.org/detect-libc 9ms (cache hit)
npm http cache https://registry.npmjs.org/tunnel-agent 8ms (cache hit)
npm http cache https://registry.npmjs.org/mkdirp-classic 9ms (cache hit)
npm http cache https://registry.npmjs.org/expand-template 10ms (cache hit)
npm http cache https://registry.npmjs.org/napi-build-utils 9ms (cache hit)
npm http cache https://registry.npmjs.org/github-from-package 10ms (cache hit)
npm http cache https://registry.npmjs.org/escalade 9ms (cache hit)
npm http cache https://registry.npmjs.org/react 42ms (cache hit)
npm http cache https://registry.npmjs.org/tslib 58ms (cache hit)
npm http cache https://registry.npmjs.org/@swc%2fcounter 8ms (cache hit)
npm http cache https://registry.npmjs.org/streamsearch 8ms (cache hit)
npm http cache https://registry.npmjs.org/client-only 7ms (cache hit)
npm http cache https://registry.npmjs.org/semver 9ms (cache hit)
npm http cache https://registry.npmjs.org/end-of-stream 10ms (cache hit)
npm http cache https://registry.npmjs.org/once 9ms (cache hit)
npm http cache https://registry.npmjs.org/ini 9ms (cache hit)
npm http cache https://registry.npmjs.org/deep-extend 11ms (cache hit)
npm http cache https://registry.npmjs.org/strip-json-comments 10ms (cache hit)
npm http cache https://registry.npmjs.org/decompress-response 10ms (cache hit)
npm http cache https://registry.npmjs.org/simple-concat 8ms (cache hit)
npm http cache https://registry.npmjs.org/chownr 9ms (cache hit)
npm http cache https://registry.npmjs.org/tar-stream 9ms (cache hit)
npm http cache https://registry.npmjs.org/safe-buffer 10ms (cache hit)
npm http cache https://registry.npmjs.org/wrappy 9ms (cache hit)
npm http cache https://registry.npmjs.org/js-tokens 10ms (cache hit)
npm http cache https://registry.npmjs.org/react 39ms (cache hit)
npm http cache https://registry.npmjs.org/react-dom 41ms (cache hit)
npm http cache https://registry.npmjs.org/js-beautify 37ms (cache hit)
npm http cache https://registry.npmjs.org/html-to-text 6ms (cache hit)
npm http cache https://registry.npmjs.org/react-promise-suspense 6ms (cache hit)
npm http cache https://registry.npmjs.org/selderee 6ms (cache hit)
npm http cache https://registry.npmjs.org/deepmerge 7ms (cache hit)
npm http cache https://registry.npmjs.org/htmlparser2 8ms (cache hit)
npm http cache https://registry.npmjs.org/dom-serializer 7ms (cache hit)
npm http cache https://registry.npmjs.org/@selderee%2fplugin-htmlparser2 12ms (cache hit)
npm http cache https://registry.npmjs.org/glob 8ms (cache hit)
npm http cache https://registry.npmjs.org/nopt 10ms (cache hit)
npm http cache https://registry.npmjs.org/js-cookie 9ms (cache hit)
npm http cache https://registry.npmjs.org/config-chain 7ms (cache hit)
npm http cache https://registry.npmjs.org/editorconfig 8ms (cache hit)
npm http cache https://registry.npmjs.org/fast-deep-equal 6ms (cache hit)
npm http cache https://registry.npmjs.org/domhandler 7ms (cache hit)
npm http cache https://registry.npmjs.org/entities 11ms (cache hit)
npm http cache https://registry.npmjs.org/domelementtype 8ms (cache hit)
npm http cache https://registry.npmjs.org/domutils 8ms (cache hit)
npm http cache https://registry.npmjs.org/parseley 9ms (cache hit)
npm http cache https://registry.npmjs.org/proto-list 16ms (cache hit)
npm http cache https://registry.npmjs.org/commander 9ms (cache hit)
npm http cache https://registry.npmjs.org/minimatch 13ms (cache hit)
npm http cache https://registry.npmjs.org/@one-ini%2fwasm 8ms (cache hit)
npm http cache https://registry.npmjs.org/minipass 11ms (cache hit)
npm http cache https://registry.npmjs.org/jackspeak 10ms (cache hit)
npm http cache https://registry.npmjs.org/path-scurry 12ms (cache hit)
npm http cache https://registry.npmjs.org/foreground-child 9ms (cache hit)
npm http cache https://registry.npmjs.org/package-json-from-dist 10ms (cache hit)
npm http cache https://registry.npmjs.org/abbrev 9ms (cache hit)
npm http cache https://registry.npmjs.org/brace-expansion 10ms (cache hit)
npm http cache https://registry.npmjs.org/cross-spawn 11ms (cache hit)
npm http cache https://registry.npmjs.org/signal-exit 9ms (cache hit)
npm http cache https://registry.npmjs.org/@isaacs%2fcliui 21ms (cache hit)
npm http cache https://registry.npmjs.org/@pkgjs%2fparseargs 9ms (cache hit)
npm http cache https://registry.npmjs.org/lru-cache 13ms (cache hit)
npm http cache https://registry.npmjs.org/which 9ms (cache hit)
npm http cache https://registry.npmjs.org/path-key 8ms (cache hit)
npm http cache https://registry.npmjs.org/shebang-command 9ms (cache hit)
npm http cache https://registry.npmjs.org/shebang-regex 9ms (cache hit)
npm http cache https://registry.npmjs.org/isexe 10ms (cache hit)
npm http cache https://registry.npmjs.org/wrap-ansi 10ms (cache hit)
npm http cache https://registry.npmjs.org/strip-ansi 10ms (cache hit)
npm http cache https://registry.npmjs.org/string-width 10ms (cache hit)
npm http cache https://registry.npmjs.org/emoji-regex 8ms (cache hit)
npm http cache https://registry.npmjs.org/eastasianwidth 8ms (cache hit)
npm http cache https://registry.npmjs.org/is-fullwidth-code-point 15ms (cache hit)
npm http cache https://registry.npmjs.org/ansi-regex 8ms (cache hit)
npm http cache https://registry.npmjs.org/ansi-styles 9ms (cache hit)
npm http cache https://registry.npmjs.org/balanced-match 9ms (cache hit)
npm http cache https://registry.npmjs.org/leac 16ms (cache hit)
npm http cache https://registry.npmjs.org/peberminta 9ms (cache hit)
npm http cache https://registry.npmjs.org/mimic-response 8ms (cache hit)
npm http cache https://registry.npmjs.org/ts-node 8ms (cache hit)
npm http cache https://registry.npmjs.org/@swc%2fcore 27ms (cache hit)
npm http cache https://registry.npmjs.org/@swc%2fwasm 25ms (cache hit)
npm http cache https://registry.npmjs.org/typescript 66ms (cache hit)
npm http cache https://registry.npmjs.org/braces 9ms (cache hit)
npm http cache https://registry.npmjs.org/anymatch 8ms (cache hit)
npm http cache https://registry.npmjs.org/readdirp 9ms (cache hit)
npm http cache https://registry.npmjs.org/is-binary-path 9ms (cache hit)
npm http cache https://registry.npmjs.org/fsevents 10ms (cache hit)
npm http cache https://registry.npmjs.org/@nodelib%2ffs.stat 8ms (cache hit)
npm http cache https://registry.npmjs.org/@nodelib%2ffs.walk 8ms (cache hit)
npm http cache https://registry.npmjs.org/merge2 9ms (cache hit)
npm http cache https://registry.npmjs.org/is-extglob 9ms (cache hit)
npm http cache https://registry.npmjs.org/picomatch 8ms (cache hit)
npm http cache https://registry.npmjs.org/read-cache 8ms (cache hit)
npm http cache https://registry.npmjs.org/camelcase-css 8ms (cache hit)
npm http cache https://registry.npmjs.org/yaml 15ms (cache hit)
npm http cache https://registry.npmjs.org/cssesc 9ms (cache hit)
npm http cache https://registry.npmjs.org/util-deprecate 7ms (cache hit)
npm http cache https://registry.npmjs.org/es-errors 8ms (cache hit)
npm http cache https://registry.npmjs.org/path-parse 13ms (cache hit)
npm http cache https://registry.npmjs.org/is-core-module 7ms (cache hit)
npm http cache https://registry.npmjs.org/supports-preserve-symlinks-flag 7ms (cache hit)
npm http cache https://registry.npmjs.org/@jridgewell%2fgen-mapping 8ms (cache hit)
npm http cache https://registry.npmjs.org/lines-and-columns 8ms (cache hit)
npm http cache https://registry.npmjs.org/mz 8ms (cache hit)
npm http cache https://registry.npmjs.org/pirates 13ms (cache hit)
npm http cache https://registry.npmjs.org/tinyglobby 8ms (cache hit)
npm http cache https://registry.npmjs.org/ts-interface-checker 8ms (cache hit)
npm http cache https://registry.npmjs.org/fill-range 9ms (cache hit)
npm http cache https://registry.npmjs.org/binary-extensions 12ms (cache hit)
npm http fetch GET 200 https://registry.npmjs.org/to-regex-range 54ms (cache miss)
npm http fetch GET 200 https://registry.npmjs.org/fastq 379ms (cache miss)
npm http fetch GET 200 https://registry.npmjs.org/@nodelib%2ffs.scandir 687ms (cache miss)
npm http fetch GET 200 https://registry.npmjs.org/run-parallel 384ms (cache miss)
npm http fetch GET 200 https://registry.npmjs.org/reusify 55ms (cache miss)
npm http fetch GET 200 https://registry.npmjs.org/queue-microtask 382ms (cache miss)
npm http fetch GET 200 https://registry.npmjs.org/is-number 95ms (cache miss)
npm http fetch GET 200 https://registry.npmjs.org/pify 404ms (cache miss)
npm http fetch GET 200 https://registry.npmjs.org/hasown 104ms (cache miss)
npm http fetch GET 200 https://registry.npmjs.org/function-bind 56ms (cache miss)
npm http fetch GET 200 https://registry.npmjs.org/@jridgewell%2ftrace-mapping 396ms (cache miss)
npm http fetch GET 200 https://registry.npmjs.org/@jridgewell%2fsourcemap-codec 478ms (cache miss)
npm http fetch GET 200 https://registry.npmjs.org/any-promise 450ms (cache miss)
npm http fetch GET 200 https://registry.npmjs.org/object-assign 51ms (cache miss)
npm http fetch GET 200 https://registry.npmjs.org/thenify-all 362ms (cache miss)
npm http fetch GET 200 https://registry.npmjs.org/fdir 92ms (cache miss)
npm http fetch GET 200 https://registry.npmjs.org/@jridgewell%2fresolve-uri 391ms (cache miss)
npm http fetch GET 200 https://registry.npmjs.org/thenify 350ms (cache miss)
npm http fetch GET 200 https://registry.npmjs.org/bl 94ms (cache miss)
npm http fetch GET 200 https://registry.npmjs.org/inherits 385ms (cache miss)
npm http fetch GET 200 https://registry.npmjs.org/fs-constants 364ms (cache miss)
npm http fetch GET 200 https://registry.npmjs.org/readable-stream 401ms (cache miss)
npm http fetch GET 200 https://registry.npmjs.org/buffer 413ms (cache miss)
npm http cache https://registry.npmjs.org/inherits 17ms (cache hit)
npm http cache https://registry.npmjs.org/readable-stream 11ms (cache hit)
npm http fetch GET 200 https://registry.npmjs.org/string_decoder 50ms (cache miss)
npm http fetch GET 200 https://registry.npmjs.org/base64-js 91ms (cache miss)
npm http fetch GET 200 https://registry.npmjs.org/ieee754 98ms (cache miss)
npm http fetch GET 200 https://registry.npmjs.org/color-convert 351ms (cache miss)
npm http fetch GET 200 https://registry.npmjs.org/color-name 397ms (cache miss)
npm http cache color-convert@https://registry.npmjs.org/color-convert/-/color-convert-2.0.1.tgz 0ms (cache hit)
npm http cache color-name@https://registry.npmjs.org/color-name/-/color-name-1.1.4.tgz 0ms (cache hit)
npm http cache ansi-styles@https://registry.npmjs.org/ansi-styles/-/ansi-styles-6.2.3.tgz 0ms (cache hit)
npm http cache yaml@https://registry.npmjs.org/yaml/-/yaml-2.9.0.tgz 0ms (cache hit)
npm http cache thenify@https://registry.npmjs.org/thenify/-/thenify-3.3.1.tgz 0ms (cache hit)
npm http cache safe-buffer@https://registry.npmjs.org/safe-buffer/-/safe-buffer-5.2.1.tgz 0ms (cache hit)
npm http cache string_decoder@https://registry.npmjs.org/string_decoder/-/string_decoder-1.3.0.tgz 0ms (cache hit)
npm http cache ieee754@https://registry.npmjs.org/ieee754/-/ieee754-1.2.1.tgz 0ms (cache hit)
npm http cache readable-stream@https://registry.npmjs.org/readable-stream/-/readable-stream-3.6.2.tgz 0ms (cache hit)
npm http cache buffer@https://registry.npmjs.org/buffer/-/buffer-5.7.1.tgz 0ms (cache hit)
npm http cache base64-js@https://registry.npmjs.org/base64-js/-/base64-js-1.5.1.tgz 0ms (cache hit)
npm http cache inherits@https://registry.npmjs.org/inherits/-/inherits-2.0.4.tgz 0ms (cache hit)
npm http cache fs-constants@https://registry.npmjs.org/fs-constants/-/fs-constants-1.0.0.tgz 0ms (cache hit)
npm http cache bl@https://registry.npmjs.org/bl/-/bl-4.1.0.tgz 0ms (cache hit)
npm http cache tar-stream@https://registry.npmjs.org/tar-stream/-/tar-stream-2.2.0.tgz 0ms (cache hit)
npm http cache chownr@https://registry.npmjs.org/chownr/-/chownr-1.1.4.tgz 0ms (cache hit)
npm http cache escalade@https://registry.npmjs.org/escalade/-/escalade-3.2.0.tgz 0ms (cache hit)
npm http cache any-promise@https://registry.npmjs.org/any-promise/-/any-promise-1.3.0.tgz 0ms (cache hit)
npm http cache thenify-all@https://registry.npmjs.org/thenify-all/-/thenify-all-1.6.0.tgz 0ms (cache hit)
npm http cache is-number@https://registry.npmjs.org/is-number/-/is-number-7.0.0.tgz 0ms (cache hit)
npm http cache isexe@https://registry.npmjs.org/isexe/-/isexe-2.0.0.tgz 0ms (cache hit)
npm http cache object-assign@https://registry.npmjs.org/object-assign/-/object-assign-4.1.1.tgz 0ms (cache hit)
npm http cache ts-interface-checker@https://registry.npmjs.org/ts-interface-checker/-/ts-interface-checker-0.1.13.tgz 0ms (cache hit)
npm http cache @jridgewell/resolve-uri@https://registry.npmjs.org/@jridgewell/resolve-uri/-/resolve-uri-3.1.2.tgz 0ms (cache hit)
npm http cache @jridgewell/sourcemap-codec@https://registry.npmjs.org/@jridgewell/sourcemap-codec/-/sourcemap-codec-1.5.5.tgz 0ms (cache hit)
npm http cache pirates@https://registry.npmjs.org/pirates/-/pirates-4.0.7.tgz 0ms (cache hit)
npm http cache @jridgewell/trace-mapping@https://registry.npmjs.org/@jridgewell/trace-mapping/-/trace-mapping-0.3.31.tgz 0ms (cache hit)
npm http cache lines-and-columns@https://registry.npmjs.org/lines-and-columns/-/lines-and-columns-1.2.4.tgz 0ms (cache hit)
npm http cache @jridgewell/gen-mapping@https://registry.npmjs.org/@jridgewell/gen-mapping/-/gen-mapping-0.3.13.tgz 0ms (cache hit)
npm http cache tinyglobby@https://registry.npmjs.org/tinyglobby/-/tinyglobby-0.2.17.tgz 0ms (cache hit)
npm http cache mz@https://registry.npmjs.org/mz/-/mz-2.7.0.tgz 0ms (cache hit)
npm http cache supports-preserve-symlinks-flag@https://registry.npmjs.org/supports-preserve-symlinks-flag/-/supports-preserve-symlinks-flag-1.0.0.tgz 1ms (cache hit)
npm http cache function-bind@https://registry.npmjs.org/function-bind/-/function-bind-1.1.2.tgz 0ms (cache hit)
npm http cache path-parse@https://registry.npmjs.org/path-parse/-/path-parse-1.0.7.tgz 0ms (cache hit)
npm http cache pify@https://registry.npmjs.org/pify/-/pify-2.3.0.tgz 0ms (cache hit)
npm http cache is-core-module@https://registry.npmjs.org/is-core-module/-/is-core-module-2.16.2.tgz 0ms (cache hit)
npm http cache camelcase-css@https://registry.npmjs.org/camelcase-css/-/camelcase-css-2.0.1.tgz 0ms (cache hit)
npm http cache cssesc@https://registry.npmjs.org/cssesc/-/cssesc-3.0.0.tgz 1ms (cache hit)
npm http cache queue-microtask@https://registry.npmjs.org/queue-microtask/-/queue-microtask-1.2.3.tgz 0ms (cache hit)
npm http cache read-cache@https://registry.npmjs.org/read-cache/-/read-cache-1.0.0.tgz 0ms (cache hit)
npm http cache hasown@https://registry.npmjs.org/hasown/-/hasown-2.0.4.tgz 0ms (cache hit)
npm http cache is-extglob@https://registry.npmjs.org/is-extglob/-/is-extglob-2.1.1.tgz 0ms (cache hit)
npm http cache binary-extensions@https://registry.npmjs.org/binary-extensions/-/binary-extensions-2.3.0.tgz 0ms (cache hit)
npm http cache reusify@https://registry.npmjs.org/reusify/-/reusify-1.1.0.tgz 0ms (cache hit)
npm http cache es-errors@https://registry.npmjs.org/es-errors/-/es-errors-1.3.0.tgz 0ms (cache hit)
npm http cache @nodelib/fs.stat@https://registry.npmjs.org/@nodelib/fs.stat/-/fs.stat-2.0.5.tgz 0ms (cache hit)
npm http cache fastq@https://registry.npmjs.org/fastq/-/fastq-1.20.1.tgz 0ms (cache hit)
npm http cache merge2@https://registry.npmjs.org/merge2/-/merge2-1.4.1.tgz 0ms (cache hit)
npm http cache @nodelib/fs.scandir@https://registry.npmjs.org/@nodelib/fs.scandir/-/fs.scandir-2.1.5.tgz 0ms (cache hit)
npm http cache util-deprecate@https://registry.npmjs.org/util-deprecate/-/util-deprecate-1.0.2.tgz 0ms (cache hit)
npm http cache fill-range@https://registry.npmjs.org/fill-range/-/fill-range-7.1.1.tgz 0ms (cache hit)
npm http cache @nodelib/fs.walk@https://registry.npmjs.org/@nodelib/fs.walk/-/fs.walk-1.2.8.tgz 0ms (cache hit)
npm http cache readdirp@https://registry.npmjs.org/readdirp/-/readdirp-3.6.0.tgz 0ms (cache hit)
npm http cache is-binary-path@https://registry.npmjs.org/is-binary-path/-/is-binary-path-2.1.0.tgz 0ms (cache hit)
npm http cache sucrase@https://registry.npmjs.org/sucrase/-/sucrase-3.35.1.tgz 0ms (cache hit)
npm http cache anymatch@https://registry.npmjs.org/anymatch/-/anymatch-3.1.3.tgz 1ms (cache hit)
npm http cache resolve@https://registry.npmjs.org/resolve/-/resolve-1.22.12.tgz 0ms (cache hit)
npm http cache braces@https://registry.npmjs.org/braces/-/braces-3.0.3.tgz 0ms (cache hit)
npm http cache postcss-selector-parser@https://registry.npmjs.org/postcss-selector-parser/-/postcss-selector-parser-6.1.4.tgz 0ms (cache hit)
npm http cache postcss-import@https://registry.npmjs.org/postcss-import/-/postcss-import-15.1.0.tgz 0ms (cache hit)
npm http cache postcss-js@https://registry.npmjs.org/postcss-js/-/postcss-js-4.1.0.tgz 1ms (cache hit)
npm http cache postcss-nested@https://registry.npmjs.org/postcss-nested/-/postcss-nested-6.2.0.tgz 0ms (cache hit)
npm http cache normalize-path@https://registry.npmjs.org/normalize-path/-/normalize-path-3.0.0.tgz 0ms (cache hit)
npm http cache object-hash@https://registry.npmjs.org/object-hash/-/object-hash-3.0.0.tgz 0ms (cache hit)
npm http cache lilconfig@https://registry.npmjs.org/lilconfig/-/lilconfig-2.1.0.tgz 0ms (cache hit)
npm http cache micromatch@https://registry.npmjs.org/micromatch/-/micromatch-4.0.8.tgz 0ms (cache hit)
npm http cache jiti@https://registry.npmjs.org/jiti/-/jiti-1.21.7.tgz 0ms (cache hit)
npm http cache is-glob@https://registry.npmjs.org/is-glob/-/is-glob-4.0.3.tgz 0ms (cache hit)
npm http cache fast-glob@https://registry.npmjs.org/fast-glob/-/fast-glob-3.3.3.tgz 0ms (cache hit)
npm http cache to-regex-range@https://registry.npmjs.org/to-regex-range/-/to-regex-range-5.0.1.tgz 0ms (cache hit)
npm http cache chokidar@https://registry.npmjs.org/chokidar/-/chokidar-3.6.0.tgz 0ms (cache hit)
npm http cache run-parallel@https://registry.npmjs.org/run-parallel/-/run-parallel-1.2.0.tgz 0ms (cache hit)
npm http cache arg@https://registry.npmjs.org/arg/-/arg-5.0.2.tgz 0ms (cache hit)
npm http cache picomatch@https://registry.npmjs.org/picomatch/-/picomatch-2.3.2.tgz 0ms (cache hit)
npm http cache ansi-regex@https://registry.npmjs.org/ansi-regex/-/ansi-regex-6.2.2.tgz 0ms (cache hit)
npm http cache @alloc/quick-lru@https://registry.npmjs.org/@alloc/quick-lru/-/quick-lru-5.2.0.tgz 0ms (cache hit)
npm http cache didyoumean@https://registry.npmjs.org/didyoumean/-/didyoumean-1.2.2.tgz 0ms (cache hit)
npm http cache glob-parent@https://registry.npmjs.org/glob-parent/-/glob-parent-6.0.2.tgz 0ms (cache hit)
npm http cache dlv@https://registry.npmjs.org/dlv/-/dlv-1.1.3.tgz 0ms (cache hit)
npm http cache is-fullwidth-code-point@https://registry.npmjs.org/is-fullwidth-code-point/-/is-fullwidth-code-point-3.0.0.tgz 0ms (cache hit)
npm http cache simple-concat@https://registry.npmjs.org/simple-concat/-/simple-concat-1.0.1.tgz 0ms (cache hit)
npm http cache eastasianwidth@https://registry.npmjs.org/eastasianwidth/-/eastasianwidth-0.2.0.tgz 0ms (cache hit)
npm http cache shebang-regex@https://registry.npmjs.org/shebang-regex/-/shebang-regex-3.0.0.tgz 0ms (cache hit)
npm http cache peberminta@https://registry.npmjs.org/peberminta/-/peberminta-0.9.0.tgz 0ms (cache hit)
npm http cache decompress-response@https://registry.npmjs.org/decompress-response/-/decompress-response-6.0.0.tgz 0ms (cache hit)
npm http cache leac@https://registry.npmjs.org/leac/-/leac-0.6.0.tgz 0ms (cache hit)
npm http cache client-only@https://registry.npmjs.org/client-only/-/client-only-0.0.1.tgz 0ms (cache hit)
npm http cache fast-deep-equal@https://registry.npmjs.org/fast-deep-equal/-/fast-deep-equal-2.0.1.tgz 0ms (cache hit)
npm http cache lru-cache@https://registry.npmjs.org/lru-cache/-/lru-cache-10.4.3.tgz 0ms (cache hit)
npm http cache abbrev@https://registry.npmjs.org/abbrev/-/abbrev-2.0.0.tgz 0ms (cache hit)
npm http cache brace-expansion@https://registry.npmjs.org/brace-expansion/-/brace-expansion-2.1.2.tgz 0ms (cache hit)
npm http cache balanced-match@https://registry.npmjs.org/balanced-match/-/balanced-match-1.0.2.tgz 0ms (cache hit)
npm http cache wrap-ansi-cjs@https://registry.npmjs.org/wrap-ansi/-/wrap-ansi-7.0.0.tgz 0ms (cache hit)
npm http cache emoji-regex@https://registry.npmjs.org/emoji-regex/-/emoji-regex-9.2.2.tgz 0ms (cache hit)
npm http cache mimic-response@https://registry.npmjs.org/mimic-response/-/mimic-response-3.1.0.tgz 0ms (cache hit)
npm http cache strip-ansi@https://registry.npmjs.org/strip-ansi/-/strip-ansi-7.2.0.tgz 0ms (cache hit)
npm http cache string-width@https://registry.npmjs.org/string-width/-/string-width-5.1.2.tgz 0ms (cache hit)
npm http cache parseley@https://registry.npmjs.org/parseley/-/parseley-0.12.1.tgz 0ms (cache hit)
npm http cache which@https://registry.npmjs.org/which/-/which-2.0.2.tgz 0ms (cache hit)
npm http cache strip-ansi-cjs@https://registry.npmjs.org/strip-ansi/-/strip-ansi-6.0.1.tgz 0ms (cache hit)
npm http cache @isaacs/cliui@https://registry.npmjs.org/@isaacs/cliui/-/cliui-8.0.2.tgz 0ms (cache hit)
npm http cache wrap-ansi@https://registry.npmjs.org/wrap-ansi/-/wrap-ansi-8.1.0.tgz 0ms (cache hit)
npm http cache @pkgjs/parseargs@https://registry.npmjs.org/@pkgjs/parseargs/-/parseargs-0.11.0.tgz 0ms (cache hit)
npm http cache string-width-cjs@https://registry.npmjs.org/string-width/-/string-width-4.2.3.tgz 0ms (cache hit)
npm http cache signal-exit@https://registry.npmjs.org/signal-exit/-/signal-exit-4.1.0.tgz 0ms (cache hit)
npm http cache shebang-command@https://registry.npmjs.org/shebang-command/-/shebang-command-2.0.0.tgz 0ms (cache hit)
npm http cache path-key@https://registry.npmjs.org/path-key/-/path-key-3.1.1.tgz 0ms (cache hit)
npm http cache jackspeak@https://registry.npmjs.org/jackspeak/-/jackspeak-3.4.3.tgz 0ms (cache hit)
npm http cache cross-spawn@https://registry.npmjs.org/cross-spawn/-/cross-spawn-7.0.6.tgz 0ms (cache hit)
npm http cache foreground-child@https://registry.npmjs.org/foreground-child/-/foreground-child-3.3.1.tgz 0ms (cache hit)
npm http cache minimatch@https://registry.npmjs.org/minimatch/-/minimatch-9.0.9.tgz 0ms (cache hit)
npm http cache minipass@https://registry.npmjs.org/minipass/-/minipass-7.1.3.tgz 0ms (cache hit)
npm http cache @one-ini/wasm@https://registry.npmjs.org/@one-ini/wasm/-/wasm-0.1.1.tgz 0ms (cache hit)
npm http cache path-scurry@https://registry.npmjs.org/path-scurry/-/path-scurry-1.11.1.tgz 0ms (cache hit)
npm http cache commander@https://registry.npmjs.org/commander/-/commander-10.0.1.tgz 0ms (cache hit)
npm http cache js-cookie@https://registry.npmjs.org/js-cookie/-/js-cookie-3.0.8.tgz 0ms (cache hit)
npm http cache proto-list@https://registry.npmjs.org/proto-list/-/proto-list-1.2.4.tgz 0ms (cache hit)
npm http cache editorconfig@https://registry.npmjs.org/editorconfig/-/editorconfig-1.0.7.tgz 0ms (cache hit)
npm http cache domutils@https://registry.npmjs.org/domutils/-/domutils-3.2.2.tgz 0ms (cache hit)
npm http cache config-chain@https://registry.npmjs.org/config-chain/-/config-chain-1.1.13.tgz 0ms (cache hit)
npm http cache package-json-from-dist@https://registry.npmjs.org/package-json-from-dist/-/package-json-from-dist-1.0.1.tgz 0ms (cache hit)
npm http cache domelementtype@https://registry.npmjs.org/domelementtype/-/domelementtype-2.3.0.tgz 0ms (cache hit)
npm http cache selderee@https://registry.npmjs.org/selderee/-/selderee-0.11.0.tgz 0ms (cache hit)
npm http cache domhandler@https://registry.npmjs.org/domhandler/-/domhandler-5.0.3.tgz 0ms (cache hit)
npm http cache htmlparser2@https://registry.npmjs.org/htmlparser2/-/htmlparser2-8.0.2.tgz 0ms (cache hit)
npm http cache nopt@https://registry.npmjs.org/nopt/-/nopt-7.2.1.tgz 0ms (cache hit)
npm http cache deepmerge@https://registry.npmjs.org/deepmerge/-/deepmerge-4.3.1.tgz 0ms (cache hit)
npm http cache glob@https://registry.npmjs.org/glob/-/glob-10.5.0.tgz 0ms (cache hit)
npm http cache @selderee/plugin-htmlparser2@https://registry.npmjs.org/@selderee/plugin-htmlparser2/-/plugin-htmlparser2-0.11.0.tgz 0ms (cache hit)
npm http cache entities@https://registry.npmjs.org/entities/-/entities-4.5.0.tgz 0ms (cache hit)
npm http cache dom-serializer@https://registry.npmjs.org/dom-serializer/-/dom-serializer-2.0.0.tgz 0ms (cache hit)
npm http cache scheduler@https://registry.npmjs.org/scheduler/-/scheduler-0.23.2.tgz 0ms (cache hit)
npm http cache react-promise-suspense@https://registry.npmjs.org/react-promise-suspense/-/react-promise-suspense-0.3.4.tgz 0ms (cache hit)
npm http cache @react-email/render@https://registry.npmjs.org/@react-email/render/-/render-1.0.1.tgz 0ms (cache hit)
npm http cache html-to-text@https://registry.npmjs.org/html-to-text/-/html-to-text-9.0.5.tgz 1ms (cache hit)
npm http cache ini@https://registry.npmjs.org/ini/-/ini-1.3.8.tgz 0ms (cache hit)
npm http cache deep-extend@https://registry.npmjs.org/deep-extend/-/deep-extend-0.6.0.tgz 0ms (cache hit)
npm http cache js-beautify@https://registry.npmjs.org/js-beautify/-/js-beautify-1.15.4.tgz 0ms (cache hit)
npm http cache strip-json-comments@https://registry.npmjs.org/strip-json-comments/-/strip-json-comments-2.0.1.tgz 0ms (cache hit)
npm http cache once@https://registry.npmjs.org/once/-/once-1.4.0.tgz 0ms (cache hit)
npm http cache end-of-stream@https://registry.npmjs.org/end-of-stream/-/end-of-stream-1.4.5.tgz 0ms (cache hit)
npm http cache loose-envify@https://registry.npmjs.org/loose-envify/-/loose-envify-1.4.0.tgz 0ms (cache hit)
npm http cache semver@https://registry.npmjs.org/semver/-/semver-7.8.5.tgz 0ms (cache hit)
npm http cache tunnel-agent@https://registry.npmjs.org/tunnel-agent/-/tunnel-agent-0.6.0.tgz 0ms (cache hit)
npm http cache simple-get@https://registry.npmjs.org/simple-get/-/simple-get-4.0.1.tgz 0ms (cache hit)
npm http cache pump@https://registry.npmjs.org/pump/-/pump-3.0.4.tgz 0ms (cache hit)
npm http cache rc@https://registry.npmjs.org/rc/-/rc-1.2.8.tgz 0ms (cache hit)
npm http cache napi-build-utils@https://registry.npmjs.org/napi-build-utils/-/napi-build-utils-2.0.0.tgz 1ms (cache hit)
npm http cache mkdirp-classic@https://registry.npmjs.org/mkdirp-classic/-/mkdirp-classic-0.5.3.tgz 0ms (cache hit)
npm http cache node-abi@https://registry.npmjs.org/node-abi/-/node-abi-3.94.0.tgz 0ms (cache hit)
npm http cache minimist@https://registry.npmjs.org/minimist/-/minimist-1.2.8.tgz 0ms (cache hit)
npm http cache js-tokens@https://registry.npmjs.org/js-tokens/-/js-tokens-4.0.0.tgz 0ms (cache hit)
npm http cache detect-libc@https://registry.npmjs.org/detect-libc/-/detect-libc-2.1.2.tgz 0ms (cache hit)
npm http cache github-from-package@https://registry.npmjs.org/github-from-package/-/github-from-package-0.0.0.tgz 0ms (cache hit)
npm http cache source-map-js@https://registry.npmjs.org/source-map-js/-/source-map-js-1.2.1.tgz 0ms (cache hit)
npm http cache nanoid@https://registry.npmjs.org/nanoid/-/nanoid-3.3.16.tgz 0ms (cache hit)
npm http cache streamsearch@https://registry.npmjs.org/streamsearch/-/streamsearch-1.1.0.tgz 0ms (cache hit)
npm http cache tslib@https://registry.npmjs.org/tslib/-/tslib-2.8.1.tgz 0ms (cache hit)
npm http cache wrappy@https://registry.npmjs.org/wrappy/-/wrappy-1.0.2.tgz 0ms (cache hit)
npm http cache @swc/counter@https://registry.npmjs.org/@swc/counter/-/counter-0.1.3.tgz 0ms (cache hit)
npm http cache tar-fs@https://registry.npmjs.org/tar-fs/-/tar-fs-2.1.5.tgz 0ms (cache hit)
npm http cache graceful-fs@https://registry.npmjs.org/graceful-fs/-/graceful-fs-4.2.11.tgz 0ms (cache hit)
npm http cache @swc/helpers@https://registry.npmjs.org/@swc/helpers/-/helpers-0.5.5.tgz 0ms (cache hit)
npm http cache uncrypto@https://registry.npmjs.org/uncrypto/-/uncrypto-0.1.3.tgz 0ms (cache hit)
npm http cache expand-template@https://registry.npmjs.org/expand-template/-/expand-template-2.0.3.tgz 0ms (cache hit)
npm http cache @next/swc-linux-x64-gnu@https://registry.npmjs.org/@next/swc-linux-x64-gnu/-/swc-linux-x64-gnu-14.2.5.tgz 0ms (cache hit)
npm http cache iron-webcrypto@https://registry.npmjs.org/iron-webcrypto/-/iron-webcrypto-1.2.1.tgz 0ms (cache hit)
npm http cache styled-jsx@https://registry.npmjs.org/styled-jsx/-/styled-jsx-5.1.1.tgz 0ms (cache hit)
npm http cache @next/env@https://registry.npmjs.org/@next/env/-/env-14.2.5.tgz 0ms (cache hit)
npm http cache update-browserslist-db@https://registry.npmjs.org/update-browserslist-db/-/update-browserslist-db-1.2.3.tgz 0ms (cache hit)
npm http cache busboy@https://registry.npmjs.org/busboy/-/busboy-1.6.0.tgz 0ms (cache hit)
npm http cache baseline-browser-mapping@https://registry.npmjs.org/baseline-browser-mapping/-/baseline-browser-mapping-2.10.43.tgz 0ms (cache hit)
npm http cache file-uri-to-path@https://registry.npmjs.org/file-uri-to-path/-/file-uri-to-path-1.0.0.tgz 0ms (cache hit)
npm http cache cookie@https://registry.npmjs.org/cookie/-/cookie-0.6.0.tgz 0ms (cache hit)
npm http cache bindings@https://registry.npmjs.org/bindings/-/bindings-1.5.0.tgz 0ms (cache hit)
npm http cache postcss-value-parser@https://registry.npmjs.org/postcss-value-parser/-/postcss-value-parser-4.2.0.tgz 0ms (cache hit)
npm http cache node-releases@https://registry.npmjs.org/node-releases/-/node-releases-2.0.51.tgz 0ms (cache hit)
npm http cache normalize-range@https://registry.npmjs.org/normalize-range/-/normalize-range-0.1.2.tgz 0ms (cache hit)
npm http cache fraction.js@https://registry.npmjs.org/fraction.js/-/fraction.js-4.3.7.tgz 0ms (cache hit)
npm http cache caniuse-lite@https://registry.npmjs.org/caniuse-lite/-/caniuse-lite-1.0.30001805.tgz 0ms (cache hit)
npm http cache browserslist@https://registry.npmjs.org/browserslist/-/browserslist-4.28.6.tgz 0ms (cache hit)
npm http cache csstype@https://registry.npmjs.org/csstype/-/csstype-3.2.3.tgz 0ms (cache hit)
npm http cache tailwindcss@https://registry.npmjs.org/tailwindcss/-/tailwindcss-3.4.4.tgz 0ms (cache hit)
npm http cache undici-types@https://registry.npmjs.org/undici-types/-/undici-types-5.26.5.tgz 0ms (cache hit)
npm http cache typescript@https://registry.npmjs.org/typescript/-/typescript-5.4.5.tgz 0ms (cache hit)
npm http cache @types/prop-types@https://registry.npmjs.org/@types/prop-types/-/prop-types-15.7.15.tgz 0ms (cache hit)
npm http cache electron-to-chromium@https://registry.npmjs.org/electron-to-chromium/-/electron-to-chromium-1.5.389.tgz 0ms (cache hit)
npm http cache react-dom@https://registry.npmjs.org/react-dom/-/react-dom-18.3.1.tgz 0ms (cache hit)
npm http cache react@https://registry.npmjs.org/react/-/react-18.3.1.tgz 0ms (cache hit)
npm http cache iron-session@https://registry.npmjs.org/iron-session/-/iron-session-8.0.3.tgz 0ms (cache hit)
npm http cache next@https://registry.npmjs.org/next/-/next-14.2.5.tgz 0ms (cache hit)
npm http cache postcss@https://registry.npmjs.org/postcss/-/postcss-8.4.38.tgz 0ms (cache hit)
npm http cache better-sqlite3@https://registry.npmjs.org/better-sqlite3/-/better-sqlite3-11.3.0.tgz 0ms (cache hit)
npm http cache autoprefixer@https://registry.npmjs.org/autoprefixer/-/autoprefixer-10.4.19.tgz 0ms (cache hit)
npm http cache @types/react@https://registry.npmjs.org/@types/react/-/react-18.3.3.tgz 0ms (cache hit)
npm http cache prebuild-install@https://registry.npmjs.org/prebuild-install/-/prebuild-install-7.1.3.tgz 0ms (cache hit)
npm http cache @types/node@https://registry.npmjs.org/@types/node/-/node-20.14.0.tgz 0ms (cache hit)
npm http cache picocolors@https://registry.npmjs.org/picocolors/-/picocolors-1.1.1.tgz 0ms (cache hit)
npm http cache @types/better-sqlite3@https://registry.npmjs.org/@types/better-sqlite3/-/better-sqlite3-7.6.11.tgz 0ms (cache hit)
npm http cache fdir@https://registry.npmjs.org/fdir/-/fdir-6.5.0.tgz 0ms (cache hit)
npm http cache commander@https://registry.npmjs.org/commander/-/commander-4.1.1.tgz 0ms (cache hit)
npm http cache resend@https://registry.npmjs.org/resend/-/resend-4.0.1.tgz 0ms (cache hit)
npm http cache glob-parent@https://registry.npmjs.org/glob-parent/-/glob-parent-5.1.2.tgz 0ms (cache hit)
npm http cache picomatch@https://registry.npmjs.org/picomatch/-/picomatch-4.0.5.tgz 0ms (cache hit)
npm http cache glob-parent@https://registry.npmjs.org/glob-parent/-/glob-parent-5.1.2.tgz 0ms (cache hit)
npm http cache ansi-regex@https://registry.npmjs.org/ansi-regex/-/ansi-regex-5.0.1.tgz 0ms (cache hit)
npm http cache emoji-regex@https://registry.npmjs.org/emoji-regex/-/emoji-regex-8.0.0.tgz 1ms (cache hit)
npm http cache ansi-regex@https://registry.npmjs.org/ansi-regex/-/ansi-regex-5.0.1.tgz 0ms (cache hit)
npm http cache strip-ansi@https://registry.npmjs.org/strip-ansi/-/strip-ansi-6.0.1.tgz 0ms (cache hit)
npm http cache ansi-regex@https://registry.npmjs.org/ansi-regex/-/ansi-regex-5.0.1.tgz 0ms (cache hit)
npm http cache strip-ansi@https://registry.npmjs.org/strip-ansi/-/strip-ansi-6.0.1.tgz 0ms (cache hit)
npm http cache string-width@https://registry.npmjs.org/string-width/-/string-width-4.2.3.tgz 0ms (cache hit)
npm http cache postcss-load-config@https://registry.npmjs.org/postcss-load-config/-/postcss-load-config-4.0.2.tgz 0ms (cache hit)
npm http cache ansi-styles@https://registry.npmjs.org/ansi-styles/-/ansi-styles-4.3.0.tgz 0ms (cache hit)
npm http cache lilconfig@https://registry.npmjs.org/lilconfig/-/lilconfig-3.1.3.tgz 0ms (cache hit)
npm http cache postcss@https://registry.npmjs.org/postcss/-/postcss-8.4.31.tgz 0ms (cache hit)
npm http cache emoji-regex@https://registry.npmjs.org/emoji-regex/-/emoji-regex-8.0.0.tgz 0ms (cache hit)
npm http fetch GET 200 https://registry.npmjs.org/color-convert/-/color-convert-2.0.1.tgz 1249ms (cache miss)
npm http fetch GET 200 https://registry.npmjs.org/escalade/-/escalade-3.2.0.tgz 3766ms (cache miss)
